File download and check MD5 done.File download and check MD5 done.File download and check MD5 done.File download and check MD5 done.File complete.Check MD5 done.File complete.Check MD5 done.File incomplete.File incomplete.File incomplete.cmd is errorFile complete.Check MD5 done.File incomplete.File complete.Check MD5 done.File complete.Check MD5 done.File complete.File incomplete.File complete.Check MD5 done.File complete.Check MD5 done.File complete.MD5 is incorrect.File complete.MD5 is incorrect.File complete.
Check MD5 done.
File complete.
MD5 is incorrect.
File complete.
MD5 is incorrect.
File complete.
MD5 is incorrect.
File complete.
Check MD5 done.
File complete.
Check MD5 done.
File complete.
Check MD5 done.
File complete.
Check MD5 done.
File upload completed.
File upload completed.
File upload completed.
File upload completed.
File upload failed.
File upload completed.
File upload completed.
Mkdir complete.
Del complete.
Not this path or insufficient permissions, unable to return to previous level.
C:\Users\邹嘉炜\Desktop\Luffy\Project\Multi_User_FTP\client\downloads/1.mp4 complete.
Check MD5 done, to C:\Users\邹嘉炜\Desktop\Luffy\Project\Multi_User_FTP\client\downloads/1.mp4
1.mp4 download complete.
MD5 is incorrect to C:\Users\邹嘉炜\Desktop\Luffy\Project\Multi_User_FTP\client\downloads/1.mp4
1.mp4 download complete.
Check MD5 done to C:\Users\邹嘉炜\Desktop\Luffy\Project\Multi_User_FTP\client\downloads/1.mp4
2.mp4 download complete.
Check MD5 done to C:\Users\邹嘉炜\Desktop\Luffy\Project\Multi_User_FTP\client\downloads/2.mp4
1.mp4 download complete.
Check MD5 done to C:\Users\邹嘉炜\Desktop\Luffy\Project\Multi_User_FTP\client\downloads/1.mp4
2.mp4 download complete.
Check MD5 done to C:\Users\邹嘉炜\Desktop\Luffy\Project\Multi_User_FTP\client\downloads/2.mp4
2.txt download complete.
Check MD5 done to C:\Users\邹嘉炜\Desktop\Luffy\Project\Multi_User_FTP\client\downloads/2.txt
MD5 is incorrect to C:\Users\邹嘉炜\Desktop\Luffy\Project\Multi_User_FTP\client\downloads/3.mp4
1.mp4 download complete.
Check MD5 done to C:\Users\邹嘉炜\Desktop\Luffy\Project\Multi_User_FTP\client\downloads/1.mp4
2.mp4 download complete.
Check MD5 done to C:\Users\邹嘉炜\Desktop\Luffy\Project\Multi_User_FTP\client\downloads/2.mp4
C:\Users\邹嘉炜\Desktop\Luffy\Project\Multi_User_FTP\client\share/1.mp4 again upload completed.
C:\Users\邹嘉炜\Desktop\Luffy\Project\Multi_User_FTP\client\share/2.txt upload completed.
C:\Users\邹嘉炜\Desktop\Luffy\Project\Multi_User_FTP\client\share/1.mp4 again upload completed.
C:\Users\邹嘉炜\Desktop\Luffy\Project\Multi_User_FTP\client\share/2.txt again upload completed.
C:\Users\邹嘉炜\Desktop\Luffy\Project\Multi_User_FTP\client\share/2.txt upload completed.
C:\Users\邹嘉炜\Desktop\Luffy\Project\Multi_User_FTP\client\share/2.txt again upload completed.
C:\Users\邹嘉炜\Desktop\Luffy\Project\Multi_User_FTP\client\share/2.txt again upload completed.
C:\Users\邹嘉炜\Desktop\Luffy\Project\Multi_User_FTP\client\share/2.txt again upload completed.
C:\Users\邹嘉炜\Desktop\Luffy\Project\Multi_User_FTP\client\share/2.txt again upload completed.
C:\Users\邹嘉炜\Desktop\Luffy\Project\Multi_User_FTP\client\share/2.txt again upload completed.
C:\Users\邹嘉炜\Desktop\Luffy\Project\Multi_User_FTP\client\share/2.txt again upload completed.
C:\Users\邹嘉炜\Desktop\Luffy\Project\Multi_User_FTP\client\share/2.txt again upload completed.
C:\Users\邹嘉炜\Desktop\Luffy\Project\Multi_User_FTP\client\share/2.txt again upload completed.
C:\Users\邹嘉炜\Desktop\Luffy\Project\Multi_User_FTP\client\share/2.txt again upload completed.
C:\Users\邹嘉炜\Desktop\Luffy\Project\Multi_User_FTP\client\share/2.txt again upload completed.
C:\Users\邹嘉炜\Desktop\Luffy\Project\Multi_User_FTP\client\share/2.txt again upload completed.
C:\Users\邹嘉炜\Desktop\Luffy\Project\Multi_User_FTP\client\share/2.txt again upload completed.
C:\Users\邹嘉炜\Desktop\Luffy\Project\Multi_User_FTP\client\share/2.txt again upload completed.
C:\Users\邹嘉炜\Desktop\Luffy\Project\Multi_User_FTP\client\share/2.txt again upload completed.
C:\Users\邹嘉炜\Desktop\Luffy\Project\Multi_User_FTP\client\share/2.txt again upload completed.
C:\Users\邹嘉炜\Desktop\Luffy\Project\Multi_User_FTP\client\share/2.txt again upload completed.
Mkdir complete.
1.mp4 download complete.
Check MD5 done to C:\Users\邹嘉炜\Desktop\Luffy\Project\Multi_User_FTP\client\downloads/1.mp4
Del complete.
Del complete.
Mkdir complete.
Mkdir complete.
1.mp4 download complete.
Check MD5 done to C:\Users\邹嘉炜\Desktop\Luffy\Project\Multi_User_FTP\client\downloads/1.mp4
2.txt download complete.
Check MD5 done to C:\Users\邹嘉炜\Desktop\Luffy\Project\Multi_User_FTP\client\downloads/2.txt
2.txt download complete.
Check MD5 done to C:\Users\邹嘉炜\Desktop\Luffy\Project\Multi_User_FTP\client\downloads/2.txt
2.txt.282527 download complete.
Check MD5 done to C:\Users\邹嘉炜\Desktop\Luffy\Project\Multi_User_FTP_Thread\client\downloads/2.txt.282527
2.txt.477616 download complete.
Check MD5 done to C:\Users\邹嘉炜\Desktop\Luffy\Project\Multi_User_FTP_Thread\client\downloads/2.txt.477616
2.txt.357535 download complete.
Check MD5 done to C:\Users\邹嘉炜\Desktop\Luffy\Project\Multi_User_FTP_Thread\client\downloads/2.txt.357535
1.mp4.902819 download complete.
Check MD5 done to C:\Users\邹嘉炜\Desktop\Luffy\Project\Multi_User_FTP_Thread\client\downloads/1.mp4.902819
1.mp4.682273 download complete.
Check MD5 done to C:\Users\邹嘉炜\Desktop\Luffy\Project\Multi_User_FTP_Thread\client\downloads/1.mp4.682273
1.mp4.14336 download complete.
Check MD5 done to C:\Users\邹嘉炜\Desktop\Luffy\Project\Multi_User_FTP_Thread\client\downloads/1.mp4.14336
1.mp4.5975 download complete.
Check MD5 done to C:\Users\邹嘉炜\Desktop\Luffy\Project\Multi_User_FTP_Thread\client\downloads/1.mp4.5975
1.mp4.631295 download complete.
Check MD5 done to C:\Users\邹嘉炜\Desktop\Luffy\Project\Multi_User_FTP_Thread\client\downloads/1.mp4.631295
1.mp4.490735 download complete.
Check MD5 done to C:\Users\邹嘉炜\Desktop\Luffy\Project\Multi_User_FTP_Thread\client\downloads/1.mp4.490735
C:\Users\邹嘉炜\Desktop\Luffy\Project\Multi_User_FTP_Thread\client\share/2.txt upload completed.
C:\Users\邹嘉炜\Desktop\Luffy\Project\Multi_User_FTP_Thread\client\share/2.txt upload completed.
C:\Users\邹嘉炜\Desktop\Luffy\Project\Multi_User_FTP_Thread\client\share/2.txt upload failed.
C:\Users\邹嘉炜\Desktop\Luffy\Project\Multi_User_FTP_Thread\client\share/2.txt upload failed.
C:\Users\邹嘉炜\Desktop\Luffy\Project\Multi_User_FTP_Thread\client\share/2.txt upload completed.
C:\Users\邹嘉炜\Desktop\Luffy\Project\Multi_User_FTP_Thread\client\share/1.mp4 upload completed.
C:\Users\邹嘉炜\Desktop\Luffy\Project\Multi_User_FTP_Thread\client\share/2.txt upload completed.
C:\Users\邹嘉炜\Desktop\Luffy\Project\Multi_User_FTP_Thread\client\share/2.txt upload completed.
C:\Users\邹嘉炜\Desktop\Luffy\Project\Multi_User_FTP_Thread\client\share/2.txt upload completed.
C:\Users\邹嘉炜\Desktop\Luffy\Project\Multi_User_FTP_Thread\client\share/2.txt upload completed.
1.mp4.479730 download complete.
Check MD5 done to C:\Users\邹嘉炜\Desktop\Luffy\Project\Multi_User_FTP_Thread\client\downloads/1.mp4.479730
Not this path or insufficient permissions, unable to return to previous level.
Not this path or insufficient permissions, unable to return to previous level.
Not this path or insufficient permissions, unable to return to previous level.
Not this path or insufficient permissions, unable to return to previous level.
Not this path or insufficient permissions, unable to return to previous level.
Insufficient permissions, unable to return to previous level.
Not this path or insufficient permissions, unable to return to previous level.
Not this path or insufficient permissions, unable to return to previous level.
Not this path or insufficient permissions, unable to return to previous level.
Not this path or insufficient permissions, unable to return to previous level.
1.mp4.463935 download complete.
Check MD5 done to C:\Users\邹嘉炜\Desktop\Luffy\Project\Multi_User_FTP_Thread\client\downloads/1.mp4.463935
C:\Users\邹嘉炜\Desktop\Luffy\Project\Multi_User_FTP_Thread\client\share/1.mp4 upload completed.
C:\Users\邹嘉炜\Desktop\Luffy\Project\Multi_User_FTP_Thread\client\share/1.mp4 upload completed.
1.mp4.733982 download complete.
Check MD5 done to C:\Users\邹嘉炜\Desktop\Luffy\Project\Multi_User_FTP_Thread\client\downloads/1.mp4.733982
C:\Users\邹嘉炜\Desktop\Luffy\Project\Multi_User_FTP_Thread\client\share/1.mp4 again upload completed.
1.mp4.389107 download complete.
Check MD5 done to C:\Users\邹嘉炜\Desktop\Luffy\Project\Multi_User_FTP_Thread\client\downloads/1.mp4.389107
1.mp4.337116 download complete.
Check MD5 done to C:\Users\邹嘉炜\Desktop\Luffy\Project\Multi_User_FTP_Thread\client\downloads/1.mp4.337116
Del complete.
Mkdir complete.
Mkdir complete.
Del complete.
Mkdir complete.
Mkdir complete.
Del complete.
1.mp4.480714 download complete.
Check MD5 done to C:\Users\邹嘉炜\Desktop\Luffy\Project\Multi_User_FTP_Thread\client\downloads/1.mp4.480714
2.mp4.43088 download complete.
Check MD5 done to C:\Users\邹嘉炜\Desktop\Luffy\Project\Multi_User_FTP_Thread\client\downloads/2.mp4.43088
